# JRE version: Java(TM) SE Runtime Environment (8.0_251-b08) (build 1.8.0_251-b08)
# Java VM: Java HotSpot(TM) 64-Bit Server VM (25.251-b08 mixed mode windows-amd64 compressed oops)
Heap:
 PSYoungGen      total 75776K, used 49521K [0x000000076b600000, 0x0000000770a80000, 0x00000007c0000000)
  eden space 65024K, 76% used [0x000000076b600000,0x000000076e65c448,0x000000076f580000)
  from space 10752K, 0% used [0x000000076f580000,0x000000076f580000,0x0000000770000000)
  to   space 10752K, 0% used [0x0000000770000000,0x0000000770000000,0x0000000770a80000)
 ParOldGen       total 72704K, used 7094K [0x00000006c2200000, 0x00000006c6900000, 0x000000076b600000)
  object space 72704K, 9% used [0x00000006c2200000,0x00000006c28ed9b8,0x00000006c6900000)
 Metaspace       used 24359K, capacity 25167K, committed 25600K, reserved 1071104K
  class space    used 3013K, capacity 3218K, committed 3328K, reserved 1048576K
GC Heap History (8 events):
Event: 1.192 GC heap before
{Heap before GC invocations=1 (full 0):
 PSYoungGen      total 75776K, used 65024K [0x000000076b600000, 0x0000000770a80000, 0x00000007c0000000)
  eden space 65024K, 100% used [0x000000076b600000,0x000000076f580000,0x000000076f580000)
  from space 10752K, 0% used [0x0000000770000000,0x0000000770000000,0x0000000770a80000)
  to   space 10752K, 0% used [0x000000076f580000,0x000000076f580000,0x0000000770000000)
 ParOldGen       total 173568K, used 0K [0x00000006c2200000, 0x00000006ccb80000, 0x000000076b600000)
  object space 173568K, 0% used [0x00000006c2200000,0x00000006c2200000,0x00000006ccb80000)
 Metaspace       used 12675K, capacity 12952K, committed 13184K, reserved 1060864K
  class space    used 1471K, capacity 1580K, committed 1664K, reserved 1048576K
Event: 1.197 GC heap after
Heap after GC invocations=1 (full 0):
 PSYoungGen      total 75776K, used 6857K [0x000000076b600000, 0x0000000770a80000, 0x00000007c0000000)
  eden space 65024K, 0% used [0x000000076b600000,0x000000076b600000,0x000000076f580000)
  from space 10752K, 63% used [0x000000076f580000,0x000000076fc32550,0x0000000770000000)
  to   space 10752K, 0% used [0x0000000770000000,0x0000000770000000,0x0000000770a80000)
 ParOldGen       total 173568K, used 88K [0x00000006c2200000, 0x00000006ccb80000, 0x000000076b600000)
  object space 173568K, 0% used [0x00000006c2200000,0x00000006c2216010,0x00000006ccb80000)
 Metaspace       used 12675K, capacity 12952K, committed 13184K, reserved 1060864K
  class space    used 1471K, capacity 1580K, committed 1664K, reserved 1048576K
}
Event: 3.709 GC heap before
{Heap before GC invocations=2 (full 0):
 PSYoungGen      total 75776K, used 71881K [0x000000076b600000, 0x0000000770a80000, 0x00000007c0000000)
  eden space 65024K, 100% used [0x000000076b600000,0x000000076f580000,0x000000076f580000)
  from space 10752K, 63% used [0x000000076f580000,0x000000076fc32550,0x0000000770000000)
  to   space 10752K, 0% used [0x0000000770000000,0x0000000770000000,0x0000000770a80000)
 ParOldGen       total 173568K, used 88K [0x00000006c2200000, 0x00000006ccb80000, 0x000000076b600000)
  object space 173568K, 0% used [0x00000006c2200000,0x00000006c2216010,0x00000006ccb80000)
 Metaspace       used 17832K, capacity 18570K, committed 18816K, reserved 1064960K
  class space    used 2189K, capacity 2361K, committed 2432K, reserved 1048576K
Event: 3.715 GC heap after
Heap after GC invocations=2 (full 0):
 PSYoungGen      total 75776K, used 7475K [0x000000076b600000, 0x0000000770a80000, 0x00000007c0000000)
  eden space 65024K, 0% used [0x000000076b600000,0x000000076b600000,0x000000076f580000)
  from space 10752K, 69% used [0x0000000770000000,0x000000077074cde0,0x0000000770a80000)
  to   space 10752K, 0% used [0x000000076f580000,0x000000076f580000,0x0000000770000000)
 ParOldGen       total 173568K, used 96K [0x00000006c2200000, 0x00000006ccb80000, 0x000000076b600000)
  object space 173568K, 0% used [0x00000006c2200000,0x00000006c2218010,0x00000006ccb80000)
 Metaspace       used 17832K, capacity 18570K, committed 18816K, reserved 1064960K
  class space    used 2189K, capacity 2361K, committed 2432K, reserved 1048576K
}
Event: 5.211 GC heap before
{Heap before GC invocations=3 (full 0):
 PSYoungGen      total 75776K, used 47694K [0x000000076b600000, 0x0000000770a80000, 0x00000007c0000000)
  eden space 65024K, 61% used [0x000000076b600000,0x000000076dd46e18,0x000000076f580000)
  from space 10752K, 69% used [0x0000000770000000,0x000000077074cde0,0x0000000770a80000)
  to   space 10752K, 0% used [0x000000076f580000,0x000000076f580000,0x0000000770000000)
 ParOldGen       total 173568K, used 96K [0x00000006c2200000, 0x00000006ccb80000, 0x000000076b600000)
  object space 173568K, 0% used [0x00000006c2200000,0x00000006c2218010,0x00000006ccb80000)
 Metaspace       used 20302K, capacity 21128K, committed 21248K, reserved 1067008K
  class space    used 2517K, capacity 2758K, committed 2816K, reserved 1048576K
Event: 5.216 GC heap after
Heap after GC invocations=3 (full 0):
 PSYoungGen      total 75776K, used 7227K [0x000000076b600000, 0x0000000770a80000, 0x00000007c0000000)
  eden space 65024K, 0% used [0x000000076b600000,0x000000076b600000,0x000000076f580000)
  from space 10752K, 67% used [0x000000076f580000,0x000000076fc8ef28,0x0000000770000000)
  to   space 10752K, 0% used [0x0000000770000000,0x0000000770000000,0x0000000770a80000)
 ParOldGen       total 173568K, used 104K [0x00000006c2200000, 0x00000006ccb80000, 0x000000076b600000)
  object space 173568K, 0% used [0x00000006c2200000,0x00000006c221a010,0x00000006ccb80000)
 Metaspace       used 20302K, capacity 21128K, committed 21248K, reserved 1067008K
  class space    used 2517K, capacity 2758K, committed 2816K, reserved 1048576K
}
Event: 5.216 GC heap before
{Heap before GC invocations=4 (full 1):
 PSYoungGen      total 75776K, used 7227K [0x000000076b600000, 0x0000000770a80000, 0x00000007c0000000)
  eden space 65024K, 0% used [0x000000076b600000,0x000000076b600000,0x000000076f580000)
  from space 10752K, 67% used [0x000000076f580000,0x000000076fc8ef28,0x0000000770000000)
  to   space 10752K, 0% used [0x0000000770000000,0x0000000770000000,0x0000000770a80000)
 ParOldGen       total 173568K, used 104K [0x00000006c2200000, 0x00000006ccb80000, 0x000000076b600000)
  object space 173568K, 0% used [0x00000006c2200000,0x00000006c221a010,0x00000006ccb80000)
 Metaspace       used 20302K, capacity 21128K, committed 21248K, reserved 1067008K
  class space    used 2517K, capacity 2758K, committed 2816K, reserved 1048576K
Event: 5.237 GC heap after
Heap after GC invocations=4 (full 1):
 PSYoungGen      total 75776K, used 0K [0x000000076b600000, 0x0000000770a80000, 0x00000007c0000000)
  eden space 65024K, 0% used [0x000000076b600000,0x000000076b600000,0x000000076f580000)
  from space 10752K, 0% used [0x000000076f580000,0x000000076f580000,0x0000000770000000)
  to   space 10752K, 0% used [0x0000000770000000,0x0000000770000000,0x0000000770a80000)
 ParOldGen       total 72704K, used 7094K [0x00000006c2200000, 0x00000006c6900000, 0x000000076b600000)
  object space 72704K, 9% used [0x00000006c2200000,0x00000006c28ed9b8,0x00000006c6900000)
 Metaspace       used 20302K, capacity 21128K, committed 21248K, reserved 1067008K
  class space    used 2517K, capacity 2758K, committed 2816K, reserved 1048576K
}

