<?xml version="1.0" encoding="UTF-8"?>
<testng-results skipped="0" failed="0" ignored="0" total="1" passed="1">
  <reporter-output>
  </reporter-output>
  <suite name="Default suite" duration-ms="12870" started-at="2021-05-05T12:41:21Z" finished-at="2021-05-05T12:41:34Z">
    <groups>
    </groups>
    <test name="Default test" duration-ms="12870" started-at="2021-05-05T12:41:21Z" finished-at="2021-05-05T12:41:34Z">
      <class name="testcases.FlightPageTest">
        <test-method status="PASS" signature="setup()[pri:0, instance:testcases.FlightPageTest@7d9d1a19]" name="setup" is-config="true" duration-ms="8525" started-at="2021-05-05T12:41:21Z" finished-at="2021-05-05T12:41:29Z">
          <reporter-output>
          </reporter-output>
        </test-method> <!-- setup -->
        <test-method status="PASS" signature="flightsearch()[pri:0, instance:testcases.FlightPageTest@7d9d1a19]" name="flightsearch" duration-ms="3665" started-at="2021-05-05T12:41:29Z" finished-at="2021-05-05T12:41:33Z">
          <reporter-output>
          </reporter-output>
        </test-method> <!-- flightsearch -->
        <test-method status="PASS" signature="closeBrowser()[pri:0, instance:testcases.FlightPageTest@7d9d1a19]" name="closeBrowser" is-config="true" duration-ms="664" started-at="2021-05-05T12:41:33Z" finished-at="2021-05-05T12:41:34Z">
          <reporter-output>
          </reporter-output>
        </test-method> <!-- closeBrowser -->
      </class> <!-- testcases.FlightPageTest -->
    </test> <!-- Default test -->
  </suite> <!-- Default suite -->
</testng-results>
